<?xml version="1.0" encoding="UTF-8"?>
<!-- Generated by org.testng.reporters.JUnitReportReporter -->
<testsuite hostname="DESKTOP-8JLKFVT" failures="0" tests="1" name="com.web_automation.PChousebd.PChousebd_automation" time="40.794" errors="0" timestamp="2023-05-14T22:43:18 BDT" skipped="0">
  <testcase classname="com.web_automation.PChousebd.PChousebd_automation" name="Login" time="40.794"/>
  <system-out/>
</testsuite> <!-- com.web_automation.PChousebd.PChousebd_automation -->
